<?xml version="1.0" encoding="UTF-8"?>
<testng-results skipped="0" failed="0" ignored="0" total="1" passed="1">
  <reporter-output>
  </reporter-output>
  <suite name="Default suite" duration-ms="2389" started-at="2020-03-05T05:40:21Z" finished-at="2020-03-05T05:40:23Z">
    <groups>
    </groups>
    <test name="Default test" duration-ms="2389" started-at="2020-03-05T05:40:21Z" finished-at="2020-03-05T05:40:23Z">
      <class name="RestAssured.getDataarray">
        <test-method status="PASS" signature="test()[pri:0, instance:RestAssured.getDataarray@20e2cbe0]" name="test" duration-ms="2374" started-at="2020-03-05T05:40:21Z" finished-at="2020-03-05T05:40:23Z">
          <reporter-output>
          </reporter-output>
        </test-method> <!-- test -->
      </class> <!-- RestAssured.getDataarray -->
    </test> <!-- Default test -->
  </suite> <!-- Default suite -->
</testng-results>
