<?xml version="1.0" encoding="UTF-8"?>
<testng-results skipped="0" failed="0" ignored="0" total="1" passed="1">
  <reporter-output>
  </reporter-output>
  <suite name="Default suite" duration-ms="963" started-at="2020-03-12T21:09:59Z" finished-at="2020-03-12T21:10:00Z">
    <groups>
    </groups>
    <test name="Default test" duration-ms="963" started-at="2020-03-12T21:09:59Z" finished-at="2020-03-12T21:10:00Z">
      <class name="com.qa.tests.GetAPITest">
        <test-method status="PASS" signature="getTest()[pri:0, instance:com.qa.tests.GetAPITest@523884b2]" name="getTest" duration-ms="947" started-at="2020-03-12T21:09:59Z" finished-at="2020-03-12T21:10:00Z">
          <reporter-output>
          </reporter-output>
        </test-method> <!-- getTest -->
        <test-method status="PASS" signature="setUp()[pri:0, instance:com.qa.tests.GetAPITest@523884b2]" name="setUp" is-config="true" duration-ms="0" started-at="2020-03-12T21:09:59Z" finished-at="2020-03-12T21:09:59Z">
          <reporter-output>
          </reporter-output>
        </test-method> <!-- setUp -->
      </class> <!-- com.qa.tests.GetAPITest -->
    </test> <!-- Default test -->
  </suite> <!-- Default suite -->
</testng-results>
