<?xml version="1.0" encoding="UTF-8"?>
<testng-results skipped="0" failed="0" ignored="0" total="3" passed="3">
  <reporter-output>
  </reporter-output>
  <suite name="Suite" duration-ms="3611" started-at="2020-02-27T22:14:55Z" finished-at="2020-02-27T22:14:58Z">
    <groups>
    </groups>
    <test name="Test" duration-ms="3611" started-at="2020-02-27T22:14:55Z" finished-at="2020-02-27T22:14:58Z">
      <class name="TestProject.ApacheAPITesting.test3">
        <test-method status="PASS" signature="DeleTest()[pri:0, instance:TestProject.ApacheAPITesting.test3@59fa1d9b]" name="DeleTest" duration-ms="1671" started-at="2020-02-27T22:14:55Z" finished-at="2020-02-27T22:14:56Z">
          <reporter-output>
          </reporter-output>
        </test-method> <!-- DeleTest -->
        <test-method status="PASS" signature="getTest()[pri:0, instance:TestProject.ApacheAPITesting.test3@59fa1d9b]" name="getTest" duration-ms="1492" started-at="2020-02-27T22:14:56Z" finished-at="2020-02-27T22:14:58Z">
          <reporter-output>
          </reporter-output>
        </test-method> <!-- getTest -->
        <test-method status="PASS" signature="putTest()[pri:0, instance:TestProject.ApacheAPITesting.test3@59fa1d9b]" name="putTest" duration-ms="401" started-at="2020-02-27T22:14:58Z" finished-at="2020-02-27T22:14:58Z">
          <reporter-output>
          </reporter-output>
        </test-method> <!-- putTest -->
      </class> <!-- TestProject.ApacheAPITesting.test3 -->
    </test> <!-- Test -->
  </suite> <!-- Suite -->
</testng-results>
